<?xml version="1.0" encoding="UTF-8"?>
<!-- Generated by org.testng.reporters.JUnitReportReporter -->
<testsuite hostname="CAPTAINS-LAPPY" failures="0" tests="4" name="tests.LoginTest" time="98.247" errors="0" timestamp="09 Jan 2022 23:25:52 GMT" skipped="0">
  <testcase classname="tests.LoginTest" name="loginwithInvalidEmail" time="24.874"/>
  <testcase classname="tests.LoginTest" name="loginWithWrongEmailPasswordTest" time="22.737"/>
  <testcase classname="tests.LoginTest" name="loginwithEmptyEmail" time="25.574"/>
  <testcase classname="tests.LoginTest" name="loginwithEmptyPassword" time="25.062"/>
</testsuite> <!-- tests.LoginTest -->
